[INFO ] 2022-01-03 15:45:00.132 [main] Log - =====================================createAccountTest TEST START=========================================
[INFO ] 2022-01-03 15:45:05.790 [main] Log - =====================================createAccountTest TEST END=========================================
[INFO ] 2022-01-03 15:45:11.171 [main] Log - =====================================addToCartTest TEST START=========================================
[INFO ] 2022-01-03 15:45:16.300 [main] Log - =====================================addToCartTest TEST END=========================================
[INFO ] 2022-01-03 15:45:21.825 [main] Log - =====================================orderHistoryandDetailsTest TEST START=========================================
[INFO ] 2022-01-03 15:45:32.905 [main] Log - =====================================wishListTest TEST START=========================================
[INFO ] 2022-01-03 15:45:41.474 [main] Log - =====================================wishListTest TEST END=========================================
[INFO ] 2022-01-03 15:45:46.889 [main] Log - =====================================verifyTotalPrice TEST START=========================================
[INFO ] 2022-01-03 15:45:55.524 [main] Log - =====================================verifyTotalPrice TEST END=========================================
[INFO ] 2022-01-03 15:46:01.253 [main] Log - =====================================productAvailabilityTest TEST START=========================================
[INFO ] 2022-01-03 15:46:02.895 [main] Log - =====================================productAvailabilityTest TEST END=========================================
[INFO ] 2022-01-03 15:46:09.746 [main] Log - =====================================loginTest TEST START=========================================
[INFO ] 2022-01-03 15:46:09.747 [main] Log - user is going to click on SignIn
[INFO ] 2022-01-03 15:46:12.717 [main] Log - Enter Username and Password
[INFO ] 2022-01-03 15:46:14.790 [main] Log - Verify if user is able to login
[INFO ] 2022-01-03 15:46:14.790 [main] Log - Login is success
[INFO ] 2022-01-03 15:46:14.790 [main] Log - =====================================loginTest TEST END=========================================
[INFO ] 2022-01-03 15:46:20.338 [main] Log - =====================================verifyLogo TEST START=========================================
[INFO ] 2022-01-03 15:46:20.388 [main] Log - =====================================verifyLogo TEST END=========================================
[INFO ] 2022-01-03 15:46:25.898 [main] Log - =====================================verifyTitle TEST START=========================================
[INFO ] 2022-01-03 15:46:32.483 [main] Log - =====================================endToEndTest TEST START=========================================
[INFO ] 2022-01-03 15:46:48.074 [main] Log - =====================================endToEndTest TEST END=========================================
[INFO ] 2022-01-03 15:50:04.279 [main] Log - =====================================createAccountTest TEST START=========================================
[INFO ] 2022-01-03 15:50:10.738 [main] Log - =====================================createAccountTest TEST END=========================================
[INFO ] 2022-01-03 15:50:16.433 [main] Log - =====================================addToCartTest TEST START=========================================
[INFO ] 2022-01-03 15:50:21.756 [main] Log - =====================================addToCartTest TEST END=========================================
[INFO ] 2022-01-03 15:50:27.244 [main] Log - =====================================orderHistoryandDetailsTest TEST START=========================================
[INFO ] 2022-01-03 15:50:38.561 [main] Log - =====================================wishListTest TEST START=========================================
[INFO ] 2022-01-03 15:50:43.638 [main] Log - =====================================wishListTest TEST END=========================================
[INFO ] 2022-01-03 15:50:49.003 [main] Log - =====================================verifyTotalPrice TEST START=========================================
[INFO ] 2022-01-03 15:50:58.051 [main] Log - =====================================verifyTotalPrice TEST END=========================================
[INFO ] 2022-01-03 15:51:03.501 [main] Log - =====================================productAvailabilityTest TEST START=========================================
[INFO ] 2022-01-03 15:51:04.734 [main] Log - =====================================productAvailabilityTest TEST END=========================================
[INFO ] 2022-01-03 15:51:10.201 [main] Log - =====================================loginTest TEST START=========================================
[INFO ] 2022-01-03 15:51:10.202 [main] Log - user is going to click on SignIn
[INFO ] 2022-01-03 15:51:13.085 [main] Log - Enter Username and Password
[INFO ] 2022-01-03 15:51:15.174 [main] Log - Verify if user is able to login
[INFO ] 2022-01-03 15:51:15.175 [main] Log - Login is success
[INFO ] 2022-01-03 15:51:15.175 [main] Log - =====================================loginTest TEST END=========================================
[INFO ] 2022-01-03 15:51:21.487 [main] Log - =====================================verifyLogo TEST START=========================================
[INFO ] 2022-01-03 15:51:21.532 [main] Log - =====================================verifyLogo TEST END=========================================
[INFO ] 2022-01-03 15:51:26.885 [main] Log - =====================================verifyTitle TEST START=========================================
[INFO ] 2022-01-03 15:51:32.542 [main] Log - =====================================endToEndTest TEST START=========================================
[INFO ] 2022-01-03 15:51:50.610 [main] Log - =====================================endToEndTest TEST END=========================================
[INFO ] 2022-01-03 15:58:17.535 [main] Log - =====================================createAccountTest TEST START=========================================
[INFO ] 2022-01-03 15:58:22.001 [main] Log - =====================================createAccountTest TEST END=========================================
[INFO ] 2022-01-03 15:58:27.339 [main] Log - =====================================addToCartTest TEST START=========================================
[INFO ] 2022-01-03 15:58:32.240 [main] Log - =====================================addToCartTest TEST END=========================================
[INFO ] 2022-01-03 15:58:37.841 [main] Log - =====================================orderHistoryandDetailsTest TEST START=========================================
[INFO ] 2022-01-03 15:58:49.175 [main] Log - =====================================wishListTest TEST START=========================================
[INFO ] 2022-01-03 15:58:54.522 [main] Log - =====================================wishListTest TEST END=========================================
[INFO ] 2022-01-03 15:59:01.347 [main] Log - =====================================verifyTotalPrice TEST START=========================================
[INFO ] 2022-01-03 15:59:11.625 [main] Log - =====================================verifyTotalPrice TEST END=========================================
[INFO ] 2022-01-03 15:59:17.842 [main] Log - =====================================productAvailabilityTest TEST START=========================================
[INFO ] 2022-01-03 15:59:19.108 [main] Log - =====================================productAvailabilityTest TEST END=========================================
[INFO ] 2022-01-03 15:59:24.276 [main] Log - =====================================loginTest TEST START=========================================
[INFO ] 2022-01-03 15:59:24.277 [main] Log - user is going to click on SignIn
[INFO ] 2022-01-03 15:59:27.865 [main] Log - Enter Username and Password
[INFO ] 2022-01-03 15:59:29.936 [main] Log - Verify if user is able to login
[INFO ] 2022-01-03 15:59:29.936 [main] Log - Login is success
[INFO ] 2022-01-03 15:59:29.936 [main] Log - =====================================loginTest TEST END=========================================
[INFO ] 2022-01-03 15:59:35.506 [main] Log - =====================================verifyLogo TEST START=========================================
[INFO ] 2022-01-03 15:59:35.557 [main] Log - =====================================verifyLogo TEST END=========================================
[INFO ] 2022-01-03 15:59:41.283 [main] Log - =====================================verifyTitle TEST START=========================================
[INFO ] 2022-01-03 15:59:47.863 [main] Log - =====================================endToEndTest TEST START=========================================
[INFO ] 2022-01-03 16:00:11.023 [main] Log - =====================================endToEndTest TEST END=========================================
[INFO ] 2022-01-03 16:09:55.749 [main] Log - =====================================createAccountTest TEST START=========================================
[INFO ] 2022-01-03 16:10:00.060 [main] Log - =====================================createAccountTest TEST END=========================================
[INFO ] 2022-01-03 16:10:05.870 [main] Log - =====================================addToCartTest TEST START=========================================
[INFO ] 2022-01-03 16:10:10.906 [main] Log - =====================================addToCartTest TEST END=========================================
[INFO ] 2022-01-03 16:10:17.060 [main] Log - =====================================orderHistoryandDetailsTest TEST START=========================================
[INFO ] 2022-01-03 16:10:28.048 [main] Log - =====================================wishListTest TEST START=========================================
[INFO ] 2022-01-03 16:10:32.642 [main] Log - =====================================wishListTest TEST END=========================================
[INFO ] 2022-01-03 16:10:38.040 [main] Log - =====================================verifyTotalPrice TEST START=========================================
[INFO ] 2022-01-03 16:10:46.180 [main] Log - =====================================verifyTotalPrice TEST END=========================================
[INFO ] 2022-01-03 16:10:51.592 [main] Log - =====================================productAvailabilityTest TEST START=========================================
[INFO ] 2022-01-03 16:10:52.821 [main] Log - =====================================productAvailabilityTest TEST END=========================================
[INFO ] 2022-01-03 16:10:58.132 [main] Log - =====================================loginTest TEST START=========================================
[INFO ] 2022-01-03 16:10:58.133 [main] Log - user is going to click on SignIn
[INFO ] 2022-01-03 16:11:00.455 [main] Log - Enter Username and Password
[INFO ] 2022-01-03 16:11:01.972 [main] Log - Verify if user is able to login
[INFO ] 2022-01-03 16:11:01.972 [main] Log - Login is success
[INFO ] 2022-01-03 16:11:01.972 [main] Log - =====================================loginTest TEST END=========================================
[INFO ] 2022-01-03 16:11:07.269 [main] Log - =====================================verifyLogo TEST START=========================================
[INFO ] 2022-01-03 16:11:07.320 [main] Log - =====================================verifyLogo TEST END=========================================
[INFO ] 2022-01-03 16:11:12.469 [main] Log - =====================================verifyTitle TEST START=========================================
[INFO ] 2022-01-03 16:11:18.120 [main] Log - =====================================endToEndTest TEST START=========================================
[INFO ] 2022-01-03 16:11:36.749 [main] Log - =====================================endToEndTest TEST END=========================================
[INFO ] 2022-01-03 16:30:09.810 [main] Log - =====================================createAccountTest TEST START=========================================
[INFO ] 2022-01-03 16:30:14.419 [main] Log - =====================================createAccountTest TEST END=========================================
[INFO ] 2022-01-03 16:30:20.321 [main] Log - =====================================addToCartTest TEST START=========================================
[INFO ] 2022-01-03 16:30:25.413 [main] Log - =====================================addToCartTest TEST END=========================================
[INFO ] 2022-01-03 16:30:30.620 [main] Log - =====================================orderHistoryandDetailsTest TEST START=========================================
[INFO ] 2022-01-03 16:30:41.597 [main] Log - =====================================wishListTest TEST START=========================================
[INFO ] 2022-01-03 16:30:46.032 [main] Log - =====================================wishListTest TEST END=========================================
[INFO ] 2022-01-03 16:30:51.416 [main] Log - =====================================verifyTotalPrice TEST START=========================================
[INFO ] 2022-01-03 16:30:58.839 [main] Log - =====================================verifyTotalPrice TEST END=========================================
[INFO ] 2022-01-03 16:31:06.032 [main] Log - =====================================productAvailabilityTest TEST START=========================================
[INFO ] 2022-01-03 16:31:07.560 [main] Log - =====================================productAvailabilityTest TEST END=========================================
[INFO ] 2022-01-03 16:31:12.809 [main] Log - =====================================loginTest TEST START=========================================
[INFO ] 2022-01-03 16:31:12.809 [main] Log - user is going to click on SignIn
[INFO ] 2022-01-03 16:31:15.995 [main] Log - Enter Username and Password
[INFO ] 2022-01-03 16:31:17.583 [main] Log - Verify if user is able to login
[INFO ] 2022-01-03 16:31:17.584 [main] Log - Login is success
[INFO ] 2022-01-03 16:31:17.584 [main] Log - =====================================loginTest TEST END=========================================
[INFO ] 2022-01-03 16:31:22.692 [main] Log - =====================================verifyLogo TEST START=========================================
[INFO ] 2022-01-03 16:31:22.738 [main] Log - =====================================verifyLogo TEST END=========================================
[INFO ] 2022-01-03 16:31:27.687 [main] Log - =====================================verifyTitle TEST START=========================================
[INFO ] 2022-01-03 16:31:33.476 [main] Log - =====================================endToEndTest TEST START=========================================
[INFO ] 2022-01-03 16:31:52.153 [main] Log - =====================================endToEndTest TEST END=========================================
[INFO ] 2022-01-03 16:44:21.117 [main] Log - =====================================createAccountTest TEST START=========================================
[INFO ] 2022-01-03 16:44:25.983 [main] Log - =====================================createAccountTest TEST END=========================================
[INFO ] 2022-01-03 16:44:31.735 [main] Log - =====================================addToCartTest TEST START=========================================
[INFO ] 2022-01-03 16:44:36.911 [main] Log - =====================================addToCartTest TEST END=========================================
[INFO ] 2022-01-03 16:44:42.884 [main] Log - =====================================orderHistoryandDetailsTest TEST START=========================================
[INFO ] 2022-01-03 16:44:54.618 [main] Log - =====================================wishListTest TEST START=========================================
[INFO ] 2022-01-03 16:45:00.065 [main] Log - =====================================wishListTest TEST END=========================================
[INFO ] 2022-01-03 16:45:06.872 [main] Log - =====================================verifyTotalPrice TEST START=========================================
[INFO ] 2022-01-03 16:45:14.849 [main] Log - =====================================verifyTotalPrice TEST END=========================================
[INFO ] 2022-01-03 16:45:20.657 [main] Log - =====================================productAvailabilityTest TEST START=========================================
[INFO ] 2022-01-03 16:45:22.341 [main] Log - =====================================productAvailabilityTest TEST END=========================================
[INFO ] 2022-01-03 16:45:28.052 [main] Log - =====================================loginTest TEST START=========================================
[INFO ] 2022-01-03 16:45:28.053 [main] Log - user is going to click on SignIn
[INFO ] 2022-01-03 16:45:31.547 [main] Log - Enter Username and Password
[INFO ] 2022-01-03 16:45:33.295 [main] Log - Verify if user is able to login
[INFO ] 2022-01-03 16:45:33.296 [main] Log - Login is success
[INFO ] 2022-01-03 16:45:33.296 [main] Log - =====================================loginTest TEST END=========================================
[INFO ] 2022-01-03 16:45:39.032 [main] Log - =====================================verifyLogo TEST START=========================================
[INFO ] 2022-01-03 16:45:39.082 [main] Log - =====================================verifyLogo TEST END=========================================
[INFO ] 2022-01-03 16:45:44.808 [main] Log - =====================================verifyTitle TEST START=========================================
[INFO ] 2022-01-03 16:45:51.137 [main] Log - =====================================endToEndTest TEST START=========================================
[INFO ] 2022-01-03 16:46:08.340 [main] Log - =====================================endToEndTest TEST END=========================================
[INFO ] 2022-01-03 17:00:36.829 [main] Log - =====================================createAccountTest TEST START=========================================
[INFO ] 2022-01-03 17:00:41.831 [main] Log - =====================================createAccountTest TEST END=========================================
[INFO ] 2022-01-03 17:00:47.216 [main] Log - =====================================addToCartTest TEST START=========================================
[INFO ] 2022-01-03 17:00:52.107 [main] Log - =====================================addToCartTest TEST END=========================================
[INFO ] 2022-01-03 17:00:58.047 [main] Log - =====================================orderHistoryandDetailsTest TEST START=========================================
[INFO ] 2022-01-03 17:01:08.020 [main] Log - =====================================wishListTest TEST START=========================================
[INFO ] 2022-01-03 17:01:11.944 [main] Log - =====================================wishListTest TEST END=========================================
[INFO ] 2022-01-03 17:01:18.174 [main] Log - =====================================verifyTotalPrice TEST START=========================================
[INFO ] 2022-01-03 17:01:25.318 [main] Log - =====================================verifyTotalPrice TEST END=========================================
[INFO ] 2022-01-03 17:01:31.274 [main] Log - =====================================productAvailabilityTest TEST START=========================================
[INFO ] 2022-01-03 17:01:32.408 [main] Log - =====================================productAvailabilityTest TEST END=========================================
[INFO ] 2022-01-03 17:01:37.866 [main] Log - =====================================loginTest TEST START=========================================
[INFO ] 2022-01-03 17:01:37.867 [main] Log - user is going to click on SignIn
[INFO ] 2022-01-03 17:01:40.853 [main] Log - Enter Username and Password
[INFO ] 2022-01-03 17:01:42.259 [main] Log - Verify if user is able to login
[INFO ] 2022-01-03 17:01:42.259 [main] Log - Login is success
[INFO ] 2022-01-03 17:01:42.260 [main] Log - =====================================loginTest TEST END=========================================
[INFO ] 2022-01-03 17:01:47.812 [main] Log - =====================================verifyLogo TEST START=========================================
[INFO ] 2022-01-03 17:01:47.867 [main] Log - =====================================verifyLogo TEST END=========================================
[INFO ] 2022-01-03 17:01:53.419 [main] Log - =====================================verifyTitle TEST START=========================================
[INFO ] 2022-01-03 17:01:59.370 [main] Log - =====================================endToEndTest TEST START=========================================
[INFO ] 2022-01-03 17:02:16.917 [main] Log - =====================================endToEndTest TEST END=========================================
